<?xml version="1.0" encoding="utf-8"?><testsuites><testsuite name="pytest" errors="0" failures="0" skipped="0" tests="5" time="0.313" timestamp="2025-01-24T04:14:00.474006" hostname="4d80dd38cdb0"><testcase classname="tests.test_database.TestDatabase" name="test_connection" time="0.065" /><testcase classname="tests.test_database.TestDatabase" name="test_delete_user" time="0.029" /><testcase classname="tests.test_database.TestDatabase" name="test_get_all_users" time="0.011" /><testcase classname="tests.test_database.TestDatabase" name="test_insert_user" time="0.006" /><testcase classname="tests.test_database.TestDatabase" name="test_update_user" time="0.009" /></testsuite></testsuites>