<?xml version="1.0" encoding="utf-8"?><testsuites><testsuite name="pytest" errors="0" failures="0" skipped="0" tests="5" time="0.174" timestamp="2025-01-24T03:41:18.266088" hostname="c637f2eb767d"><testcase classname="tests.test_database.TestDatabase" name="test_connection" time="0.012" /><testcase classname="tests.test_database.TestDatabase" name="test_delete_user" time="0.011" /><testcase classname="tests.test_database.TestDatabase" name="test_get_all_users" time="0.016" /><testcase classname="tests.test_database.TestDatabase" name="test_insert_user" time="0.007" /><testcase classname="tests.test_database.TestDatabase" name="test_update_user" time="0.012" /></testsuite></testsuites>