<?xml version="1.0" encoding="utf-8"?><testsuites><testsuite name="pytest" errors="0" failures="0" skipped="0" tests="5" time="0.373" timestamp="2025-01-24T01:30:41.387676" hostname="de40492fb55a"><testcase classname="tests.test_database.TestDatabase" name="test_connection" time="0.069" /><testcase classname="tests.test_database.TestDatabase" name="test_delete_user" time="0.032" /><testcase classname="tests.test_database.TestDatabase" name="test_get_all_users" time="0.020" /><testcase classname="tests.test_database.TestDatabase" name="test_insert_user" time="0.015" /><testcase classname="tests.test_database.TestDatabase" name="test_update_user" time="0.021" /></testsuite></testsuites>